[0.000000] (-) TimerEvent: {}
[0.000140] (auto_nav) JobQueued: {'identifier': 'auto_nav', 'dependencies': OrderedDict()}
[0.000181] (auto_nav) JobStarted: {'identifier': 'auto_nav'}
[0.099122] (-) TimerEvent: {}
[0.199541] (-) TimerEvent: {}
[0.280823] (auto_nav) Command: {'cmd': ['/usr/bin/python3', 'setup.py', 'egg_info', '--egg-base', 'build/auto_nav', 'build', '--build-base', '/home/rx/colcon_ws/src/auto_nav/auto_nav/build/auto_nav/build', 'install', '--prefix', '/home/rx/colcon_ws/src/auto_nav/auto_nav/install/auto_nav', '--record', '/home/rx/colcon_ws/src/auto_nav/auto_nav/build/auto_nav/install.log', '--single-version-externally-managed'], 'cwd': '/home/rx/colcon_ws/src/auto_nav/auto_nav', 'env': {'GJS_DEBUG_TOPICS': 'JS ERROR;JS LOG', 'CONDA_PROMPT_MODIFIER': '(base)', 'USER': 'rx', 'SSH_AGENT_PID': '1648', 'XDG_SESSION_TYPE': 'x11', 'SHLVL': '1', 'LD_LIBRARY_PATH': '/home/rx/colcon_ws/install/pi_gpio_interface/lib:/usr/lib/x86_64-linux-gnu/gazebo-11/plugins:/opt/ros/foxy/opt/yaml_cpp_vendor/lib:/opt/ros/foxy/opt/rviz_ogre_vendor/lib:/opt/ros/foxy/lib/x86_64-linux-gnu:/opt/ros/foxy/lib', 'HOME': '/home/rx', 'CONDA_SHLVL': '1', 'OLDPWD': '/home/rx/colcon_ws', 'DESKTOP_SESSION': 'ubuntu', 'GIO_LAUNCHED_DESKTOP_FILE': '/usr/share/applications/terminator.desktop', 'ROS_PYTHON_VERSION': '3', 'GNOME_SHELL_SESSION_MODE': 'ubuntu', 'GTK_MODULES': 'gail:atk-bridge', 'MANAGERPID': '1410', 'DBUS_SESSION_BUS_ADDRESS': 'unix:path=/run/user/1000/bus', 'COLORTERM': 'truecolor', '_CE_M': '', 'TERMINATOR_DBUS_NAME': 'net.tenshu.Terminator21a9d5db22c73a993ff0b42f64b396873', 'GIO_LAUNCHED_DESKTOP_FILE_PID': '2312', 'IM_CONFIG_PHASE': '1', 'COLCON_PREFIX_PATH': '/home/rx/colcon_ws/install', 'ROS_DISTRO': 'foxy', 'LOGNAME': 'rx', 'JOURNAL_STREAM': '8:45279', '_': '/usr/bin/colcon', 'ROS_VERSION': '2', 'XDG_SESSION_CLASS': 'user', 'USERNAME': 'rx', 'TERM': 'xterm-256color', 'GAZEBO_MODEL_PATH': '/home/rx/colcon_ws/src/turtlebot3_simulations/turtlebot3_gazebo/models', 'GNOME_DESKTOP_SESSION_ID': 'this-is-deprecated', '_CE_CONDA': '', 'ROS_LOCALHOST_ONLY': '0', 'WINDOWPATH': '2', 'PATH': '/home/rx/anaconda3/bin:/home/rx/anaconda3/condabin:/opt/ros/foxy/bin:/usr/local/sbin:/usr/local/bin:/usr/sbin:/usr/bin:/sbin:/bin:/usr/games:/usr/local/games:/snap/bin', 'SESSION_MANAGER': 'local/rx-Aspire-VX5-591G:@/tmp/.ICE-unix/1691,unix/rx-Aspire-VX5-591G:/tmp/.ICE-unix/1691', 'INVOCATION_ID': '4839a866252547cb9008ca81b4b0eb59', 'XDG_MENU_PREFIX': 'gnome-', 'XDG_RUNTIME_DIR': '/run/user/1000', 'DISPLAY': ':0', 'TERMINATOR_DBUS_PATH': '/net/tenshu/Terminator2', 'LANG': 'en_US.UTF-8', 'XDG_CURRENT_DESKTOP': 'ubuntu:GNOME', 'XMODIFIERS': '@im=ibus', 'XDG_SESSION_DESKTOP': 'ubuntu', 'XAUTHORITY': '/run/user/1000/gdm/Xauthority', 'SSH_AUTH_SOCK': '/run/user/1000/keyring/ssh', 'ROS_DOMAIN_ID': '38', 'AMENT_PREFIX_PATH': '/home/rx/colcon_ws/install/turtlebot3_simulations:/home/rx/colcon_ws/install/turtlebot3_gazebo:/home/rx/colcon_ws/install/turtlebot3_fake_node:/home/rx/colcon_ws/install/py_pubsub:/home/rx/colcon_ws/install/pi_gpio:/home/rx/colcon_ws/install/pi_gpio_interface:/home/rx/colcon_ws/install/auto_nav:/opt/ros/foxy', 'CONDA_PYTHON_EXE': '/home/rx/anaconda3/bin/python', 'SHELL': '/bin/bash', 'TERMINATOR_UUID': 'urn:uuid:b5c19979-09d4-415c-a3e9-06eb89ec2be4', 'QT_ACCESSIBILITY': '1', 'GDMSESSION': 'ubuntu', 'CONDA_DEFAULT_ENV': 'base', 'GPG_AGENT_INFO': '/run/user/1000/gnupg/S.gpg-agent:0:1', 'GJS_DEBUG_OUTPUT': 'stderr', 'QT_IM_MODULE': 'ibus', 'PWD': '/home/rx/colcon_ws/src/auto_nav/auto_nav/build/auto_nav', 'TURTLEBOT3_MODEL': 'burger', 'LC_ALL': 'en_US.UTF-8', 'XDG_CONFIG_DIRS': '/etc/xdg/xdg-ubuntu:/etc/xdg', 'CONDA_EXE': '/home/rx/anaconda3/bin/conda', 'XDG_DATA_DIRS': '/usr/share/ubuntu:/usr/local/share/:/usr/share/:/var/lib/snapd/desktop', 'PYTHONPATH': '/home/rx/colcon_ws/src/auto_nav/auto_nav/install/auto_nav/lib/python3.8/site-packages:/home/rx/colcon_ws/install/py_pubsub/lib/python3.8/site-packages:/home/rx/colcon_ws/install/pi_gpio/lib/python3.8/site-packages:/home/rx/colcon_ws/install/pi_gpio_interface/lib/python3.8/site-packages:/home/rx/colcon_ws/install/auto_nav/lib/python3.8/site-packages:/opt/ros/foxy/lib/python3.8/site-packages', 'CONDA_PREFIX': '/home/rx/anaconda3', 'COLCON': '1', 'VTE_VERSION': '6003', 'CMAKE_PREFIX_PATH': '/home/rx/colcon_ws/install/turtlebot3_simulations:/home/rx/colcon_ws/install/turtlebot3_gazebo:/home/rx/colcon_ws/install/turtlebot3_fake_node:/home/rx/colcon_ws/install/pi_gpio_interface'}, 'shell': False}
[0.299721] (-) TimerEvent: {}
[0.400105] (-) TimerEvent: {}
[0.500393] (-) TimerEvent: {}
[0.526763] (auto_nav) StdoutLine: {'line': b'running egg_info\n'}
[0.527454] (auto_nav) StdoutLine: {'line': b'creating build/auto_nav/auto_nav.egg-info\n'}
[0.527719] (auto_nav) StdoutLine: {'line': b'writing build/auto_nav/auto_nav.egg-info/PKG-INFO\n'}
[0.528011] (auto_nav) StdoutLine: {'line': b'writing dependency_links to build/auto_nav/auto_nav.egg-info/dependency_links.txt\n'}
[0.528239] (auto_nav) StdoutLine: {'line': b'writing entry points to build/auto_nav/auto_nav.egg-info/entry_points.txt\n'}
[0.528447] (auto_nav) StdoutLine: {'line': b'writing requirements to build/auto_nav/auto_nav.egg-info/requires.txt\n'}
[0.528562] (auto_nav) StdoutLine: {'line': b'writing top-level names to build/auto_nav/auto_nav.egg-info/top_level.txt\n'}
[0.529879] (auto_nav) StdoutLine: {'line': b"writing manifest file 'build/auto_nav/auto_nav.egg-info/SOURCES.txt'\n"}
[0.565314] (auto_nav) StderrLine: {'line': b"error: package directory 'auto_nav' does not exist\n"}
[0.585629] (auto_nav) CommandEnded: {'returncode': 1}
[0.586322] (auto_nav) JobEnded: {'identifier': 'auto_nav', 'rc': 1}
[0.596974] (-) EventReactorShutdown: {}
